TN:
SF:src\modules\appointmant\services\CreateAppointmentService.ts
FN:15,CreateAppointmentService
FN:23,Object.<anonymous>.CreateAppointmentService.execute
FNF:2
FNH:2
FNDA:5,CreateAppointmentService
FNDA:6,Object.<anonymous>.CreateAppointmentService.execute
DA:1,1
DA:2,1
DA:3,1
DA:4,1
DA:5,1
DA:6,1
DA:7,1
DA:8,1
DA:9,1
DA:10,1
DA:11,1
DA:12,1
DA:13,1
DA:14,1
DA:15,1
DA:16,5
DA:17,5
DA:18,5
DA:19,5
DA:20,5
DA:21,5
DA:22,1
DA:23,1
DA:24,6
DA:25,6
DA:26,6
DA:27,4
DA:28,4
DA:29,2
DA:30,6
DA:31,0
DA:32,0
DA:33,2
DA:34,6
DA:35,1
DA:36,1
DA:37,1
DA:38,1
DA:39,6
DA:40,6
DA:41,0
DA:42,0
DA:43,6
DA:44,6
DA:45,6
DA:46,6
DA:47,6
DA:48,6
DA:49,6
DA:50,6
DA:51,6
DA:52,6
DA:53,6
DA:54,6
DA:55,6
DA:56,6
DA:57,6
DA:58,6
DA:59,6
DA:60,1
DA:61,1
DA:62,1
LF:62
LH:58
BRDA:14,0,0,1
BRDA:15,1,0,5
BRDA:23,2,0,6
BRDA:26,3,0,4
BRDA:29,4,0,2
BRDA:30,5,0,0
BRDA:33,6,0,2
BRDA:34,7,0,1
BRDA:34,8,0,1
BRDA:40,9,0,0
BRF:10
BRH:8
end_of_record
TN:
SF:src\modules\appointmant\services\ListProviderAppointmentsService.ts
FN:15,ListProviderAppointmentsService
FN:20,Object.<anonymous>.ListProviderAppointmentsService.execute
FNF:2
FNH:2
FNDA:1,ListProviderAppointmentsService
FNDA:1,Object.<anonymous>.ListProviderAppointmentsService.execute
DA:1,1
DA:2,1
DA:3,1
DA:4,1
DA:5,1
DA:6,1
DA:7,1
DA:8,1
DA:9,1
DA:10,1
DA:11,1
DA:12,1
DA:13,1
DA:14,1
DA:15,1
DA:16,1
DA:17,1
DA:18,1
DA:19,1
DA:20,1
DA:21,1
DA:22,1
DA:23,1
DA:24,1
DA:25,1
DA:26,1
DA:27,1
DA:28,1
DA:29,1
DA:30,1
DA:31,1
DA:32,1
LF:32
LH:32
BRDA:14,0,0,1
BRDA:15,1,0,1
BRDA:20,2,0,1
BRDA:21,3,0,1
BRF:4
BRH:4
end_of_record
TN:
SF:src\modules\appointmant\services\ListProviderDayAvailityService.ts
FN:20,ListProviderdayAvailabilityService
FN:25,Object.<anonymous>.ListProviderdayAvailabilityService.execute
FNF:2
FNH:2
FNDA:1,ListProviderdayAvailabilityService
FNDA:1,Object.<anonymous>.ListProviderdayAvailabilityService.execute
DA:1,1
DA:2,1
DA:3,1
DA:4,1
DA:5,1
DA:6,1
DA:7,1
DA:8,1
DA:9,1
DA:10,1
DA:11,1
DA:12,1
DA:13,1
DA:14,1
DA:15,1
DA:16,1
DA:17,1
DA:18,1
DA:19,1
DA:20,1
DA:21,1
DA:22,1
DA:23,1
DA:24,1
DA:25,1
DA:26,1
DA:27,1
DA:28,1
DA:29,1
DA:30,1
DA:31,1
DA:32,1
DA:33,1
DA:34,1
DA:35,1
DA:36,1
DA:37,1
DA:38,1
DA:39,1
DA:40,10
DA:41,10
DA:42,10
DA:43,10
DA:44,10
DA:45,10
DA:46,10
DA:47,10
DA:48,10
DA:49,10
DA:50,1
DA:51,1
DA:52,1
DA:53,1
DA:54,1
DA:55,1
LF:55
LH:55
BRDA:19,0,0,1
BRDA:20,1,0,1
BRDA:25,2,0,1
BRDA:26,3,0,1
BRDA:35,4,0,10
BRDA:39,5,0,10
BRDA:48,6,0,8
BRDA:40,7,0,19
BRF:8
BRH:8
end_of_record
TN:
SF:src\modules\appointmant\services\ListProviderMonthAvailabilityService.ts
FN:19,ListProviderMonthAvailabilityService
FN:24,Object.<anonymous>.ListProviderMonthAvailabilityService.execute
FNF:2
FNH:2
FNDA:1,ListProviderMonthAvailabilityService
FNDA:1,Object.<anonymous>.ListProviderMonthAvailabilityService.execute
DA:1,1
DA:2,1
DA:3,1
DA:4,1
DA:5,1
DA:6,1
DA:7,1
DA:8,1
DA:9,1
DA:10,1
DA:11,1
DA:12,1
DA:13,1
DA:14,1
DA:15,1
DA:16,1
DA:17,1
DA:18,1
DA:19,1
DA:20,1
DA:21,1
DA:22,1
DA:23,1
DA:24,1
DA:25,1
DA:26,1
DA:27,1
DA:28,1
DA:29,1
DA:30,1
DA:31,1
DA:32,1
DA:33,1
DA:34,1
DA:35,1
DA:36,1
DA:37,1
DA:38,31
DA:39,341
DA:40,31
DA:41,31
DA:42,31
DA:43,31
DA:44,31
DA:45,1
DA:46,1
DA:47,1
DA:48,1
DA:49,1
DA:50,1
LF:50
LH:50
BRDA:18,0,0,1
BRDA:19,1,0,1
BRDA:24,2,0,1
BRDA:25,3,0,1
BRDA:34,4,0,31
BRDA:37,5,0,31
BRDA:38,6,0,341
BRF:7
BRH:7
end_of_record
TN:
SF:src\modules\appointmant\services\ListProvidersService.ts
FN:13,ListProvidersService
FN:19,Object.<anonymous>.ListProvidersService.execute
FNF:2
FNH:2
FNDA:1,ListProvidersService
FNDA:1,Object.<anonymous>.ListProvidersService.execute
DA:1,1
DA:2,1
DA:3,1
DA:4,1
DA:5,1
DA:6,1
DA:7,1
DA:8,1
DA:9,1
DA:10,1
DA:11,1
DA:12,1
DA:13,1
DA:14,1
DA:15,1
DA:16,1
DA:17,1
DA:18,1
DA:19,1
DA:20,1
DA:21,1
DA:22,1
DA:23,1
DA:24,1
LF:24
LH:24
BRDA:12,0,0,1
BRDA:13,1,0,1
BRDA:19,2,0,1
BRDA:20,3,0,1
BRF:4
BRH:4
end_of_record
TN:
SF:src\modules\users\services\AuthenticateUserService.ts
FN:20,AuthenticateUserService
FN:27,Object.<anonymous>.AuthenticateUserService.execute
FNF:2
FNH:2
FNDA:2,AuthenticateUserService
FNDA:2,Object.<anonymous>.AuthenticateUserService.execute
DA:1,1
DA:2,1
DA:3,1
DA:4,1
DA:5,1
DA:6,1
DA:7,1
DA:8,1
DA:9,1
DA:10,1
DA:11,1
DA:12,1
DA:13,1
DA:14,1
DA:15,1
DA:16,1
DA:17,1
DA:18,1
DA:19,1
DA:20,1
DA:21,2
DA:22,2
DA:23,2
DA:24,2
DA:25,2
DA:26,2
DA:27,1
DA:28,2
DA:29,2
DA:30,2
DA:31,2
DA:32,0
DA:33,0
DA:34,2
DA:35,2
DA:36,2
DA:37,0
DA:38,0
DA:39,2
DA:40,2
DA:41,2
DA:42,2
DA:43,2
DA:44,2
DA:45,2
DA:46,2
DA:47,2
DA:48,2
DA:49,2
DA:50,2
DA:51,2
DA:52,1
DA:53,1
DA:54,1
DA:55,1
DA:56,1
DA:57,1
LF:57
LH:53
BRDA:19,0,0,1
BRDA:20,1,0,2
BRDA:27,2,0,2
BRDA:29,3,0,2
BRDA:31,4,0,0
BRDA:36,5,0,0
BRF:6
BRH:4
end_of_record
TN:
SF:src\modules\users\services\CreateUserService.ts
FN:14,CreateUserService
FN:22,Object.<anonymous>.CreateUserService.execute
FNF:2
FNH:2
FNDA:4,CreateUserService
FNDA:5,Object.<anonymous>.CreateUserService.execute
DA:1,1
DA:2,1
DA:3,1
DA:4,1
DA:5,1
DA:6,1
DA:7,1
DA:8,1
DA:9,1
DA:10,1
DA:11,1
DA:12,1
DA:13,2
DA:14,2
DA:15,4
DA:16,4
DA:17,4
DA:18,4
DA:19,4
DA:20,4
DA:21,2
DA:22,2
DA:23,5
DA:24,5
DA:25,5
DA:26,1
DA:27,1
DA:28,4
DA:29,4
DA:30,5
DA:31,5
DA:32,5
DA:33,5
DA:34,5
DA:35,5
DA:36,5
DA:37,5
DA:38,5
DA:39,2
DA:40,1
DA:41,1
LF:41
LH:41
BRDA:13,0,0,2
BRDA:14,1,0,4
BRDA:22,2,0,5
BRDA:23,3,0,5
BRDA:25,4,0,1
BRDA:28,5,0,4
BRF:6
BRH:6
end_of_record
TN:
SF:src\modules\users\services\ResetPasswordService.ts
FN:15,ResetPasswordService
FN:26,Object.<anonymous>.ResetPasswordService.execute
FNF:2
FNH:2
FNDA:4,ResetPasswordService
FNDA:4,Object.<anonymous>.ResetPasswordService.execute
DA:1,1
DA:2,1
DA:3,1
DA:4,1
DA:5,1
DA:6,1
DA:7,1
DA:8,1
DA:9,1
DA:10,1
DA:11,1
DA:12,1
DA:13,1
DA:14,1
DA:15,1
DA:16,4
DA:17,4
DA:18,4
DA:19,4
DA:20,4
DA:21,4
DA:22,4
DA:23,4
DA:24,4
DA:25,1
DA:26,1
DA:27,4
DA:28,4
DA:29,4
DA:30,1
DA:31,1
DA:32,3
DA:33,4
DA:34,4
DA:35,1
DA:36,1
DA:37,2
DA:38,2
DA:39,2
DA:40,2
DA:41,4
DA:42,1
DA:43,1
DA:44,1
DA:45,1
DA:46,4
DA:47,4
DA:48,4
DA:49,1
DA:50,1
DA:51,1
LF:51
LH:51
BRDA:14,0,0,1
BRDA:15,1,0,4
BRDA:26,2,0,4
BRDA:27,3,0,4
BRDA:29,4,0,1
BRDA:32,5,0,3
BRDA:34,6,0,1
BRDA:37,7,0,2
BRDA:41,8,0,1
BRF:9
BRH:9
end_of_record
TN:
SF:src\modules\users\services\SendForgotPasswordEmailService.ts
FN:14,SendForgotPasswordEmailService
FN:25,Object.<anonymous>.SendForgotPasswordEmailService.execute
FNF:2
FNH:2
FNDA:3,SendForgotPasswordEmailService
FNDA:3,Object.<anonymous>.SendForgotPasswordEmailService.execute
DA:1,1
DA:2,1
DA:3,1
DA:4,1
DA:5,1
DA:6,1
DA:7,1
DA:8,1
DA:9,1
DA:10,1
DA:11,1
DA:12,1
DA:13,1
DA:14,1
DA:15,3
DA:16,3
DA:17,3
DA:18,3
DA:19,3
DA:20,3
DA:21,3
DA:22,3
DA:23,3
DA:24,1
DA:25,1
DA:26,3
DA:27,3
DA:28,3
DA:29,1
DA:30,1
DA:31,2
DA:32,2
DA:33,3
DA:34,3
DA:35,3
DA:36,3
DA:37,3
DA:38,3
DA:39,3
DA:40,3
DA:41,3
DA:42,3
DA:43,3
DA:44,3
DA:45,3
DA:46,3
DA:47,3
DA:48,3
DA:49,3
DA:50,3
DA:51,1
DA:52,1
DA:53,1
LF:53
LH:53
BRDA:13,0,0,1
BRDA:14,1,0,3
BRDA:25,2,0,3
BRDA:26,3,0,3
BRDA:28,4,0,1
BRDA:31,5,0,2
BRF:6
BRH:6
end_of_record
TN:
SF:src\modules\users\services\ShowProfileService.ts
FN:14,ShowProfileService
FN:20,Object.<anonymous>.ShowProfileService.execute
FNF:2
FNH:2
FNDA:2,ShowProfileService
FNDA:2,Object.<anonymous>.ShowProfileService.execute
DA:1,1
DA:2,1
DA:3,1
DA:4,1
DA:5,1
DA:6,1
DA:7,1
DA:8,1
DA:9,1
DA:10,1
DA:11,1
DA:12,1
DA:13,1
DA:14,1
DA:15,2
DA:16,2
DA:17,2
DA:18,2
DA:19,1
DA:20,1
DA:21,2
DA:22,2
DA:23,2
DA:24,1
DA:25,1
DA:26,1
DA:27,1
DA:28,2
DA:29,1
DA:30,1
LF:30
LH:30
BRDA:13,0,0,1
BRDA:14,1,0,2
BRDA:20,2,0,2
BRDA:21,3,0,2
BRDA:23,4,0,1
BRF:5
BRH:5
end_of_record
TN:
SF:src\modules\users\services\UpdateProfileService.ts
FN:19,UpdateProfileService
FN:27,Object.<anonymous>.UpdateProfileService.execute
FNF:2
FNH:2
FNDA:6,UpdateProfileService
FNDA:6,Object.<anonymous>.UpdateProfileService.execute
DA:1,1
DA:2,1
DA:3,1
DA:4,1
DA:5,1
DA:6,1
DA:7,1
DA:8,1
DA:9,1
DA:10,1
DA:11,1
DA:12,1
DA:13,1
DA:14,1
DA:15,1
DA:16,1
DA:17,1
DA:18,1
DA:19,1
DA:20,6
DA:21,6
DA:22,6
DA:23,6
DA:24,6
DA:25,6
DA:26,1
DA:27,1
DA:28,6
DA:29,6
DA:30,1
DA:31,1
DA:32,5
DA:33,5
DA:34,6
DA:35,6
DA:36,1
DA:37,1
DA:38,4
DA:39,4
DA:40,4
DA:41,4
DA:42,6
DA:43,1
DA:44,1
DA:45,3
DA:46,3
DA:47,3
DA:48,6
DA:49,2
DA:50,2
DA:51,2
DA:52,2
DA:53,2
DA:54,6
DA:55,6
DA:56,1
DA:57,1
DA:58,1
DA:59,6
DA:60,6
DA:61,6
DA:62,6
DA:63,1
DA:64,1
LF:64
LH:64
BRDA:18,0,0,1
BRDA:19,1,0,6
BRDA:27,2,0,6
BRDA:28,3,0,6
BRDA:29,4,0,1
BRDA:32,5,0,5
BRDA:35,6,0,1
BRDA:35,7,0,1
BRDA:38,8,0,4
BRDA:42,9,0,3
BRDA:42,10,0,1
BRDA:45,11,0,3
BRDA:48,12,0,2
BRDA:48,13,0,1
BRDA:48,14,0,2
BRDA:55,15,0,1
BRDA:61,16,0,2
BRF:17
BRH:17
end_of_record
TN:
SF:src\modules\users\services\UpdateUserAvatarService.ts
FN:16,UpdateUserAvatarService
FN:24,Object.<anonymous>.UpdateUserAvatarService.execute
FNF:2
FNH:2
FNDA:3,UpdateUserAvatarService
FNDA:4,Object.<anonymous>.UpdateUserAvatarService.execute
DA:1,1
DA:2,1
DA:3,1
DA:4,1
DA:5,1
DA:6,1
DA:7,1
DA:8,1
DA:9,1
DA:10,1
DA:11,1
DA:12,1
DA:13,1
DA:14,1
DA:15,1
DA:16,1
DA:17,3
DA:18,3
DA:19,3
DA:20,3
DA:21,3
DA:22,3
DA:23,1
DA:24,1
DA:25,4
DA:26,4
DA:27,4
DA:28,4
DA:29,4
DA:30,1
DA:31,1
DA:32,3
DA:33,3
DA:34,1
DA:35,4
DA:36,4
DA:37,4
DA:38,4
DA:39,4
DA:40,4
DA:41,4
DA:42,4
DA:43,4
DA:44,4
DA:45,4
DA:46,1
DA:47,1
LF:47
LH:47
BRDA:15,0,0,1
BRDA:16,1,0,3
BRDA:24,2,0,4
BRDA:26,3,0,4
BRDA:29,4,0,1
BRDA:32,5,0,3
BRDA:33,6,0,2
BRDA:33,7,0,1
BRDA:37,8,0,3
BRF:9
BRH:9
end_of_record
